0 info it worked if it ends with ok
1 verbose cli [ '/usr/bin/node',
1 verbose cli   '/usr/bin/npm',
1 verbose cli   'publish',
1 verbose cli   '.',
1 verbose cli   '--tag',
1 verbose cli   '0.22.1',
1 verbose cli   '--dry-run' ]
2 info using npm@3.5.2
3 info using node@v8.10.0
4 verbose publish [ '.' ]
5 verbose stack Error: Tag name must not be a valid SemVer range: 0.22.1
5 verbose stack     at EventEmitter.publish (/usr/share/npm/lib/publish.js:40:14)
5 verbose stack     at Object.commandCache.(anonymous function) (/usr/share/npm/lib/npm.js:216:13)
5 verbose stack     at EventEmitter.<anonymous> (/usr/share/npm/bin/npm-cli.js:74:30)
5 verbose stack     at _combinedTickCallback (internal/process/next_tick.js:131:7)
5 verbose stack     at process._tickCallback (internal/process/next_tick.js:180:9)
6 verbose cwd /home/susi/projekte/neu/fti-portal-styleguide
7 error Linux 4.15.0-39-generic
8 error argv "/usr/bin/node" "/usr/bin/npm" "publish" "." "--tag" "0.22.1" "--dry-run"
9 error node v8.10.0
10 error npm  v3.5.2
11 error Tag name must not be a valid SemVer range: 0.22.1
12 error If you need help, you may report this error at:
12 error     <https://github.com/npm/npm/issues>
13 verbose exit [ 1, true ]
